1547703926908	mozrunner::runner	INFO	Running command: "C:\\Program Files (x86)\\Mozilla Firefox\\firefox.exe" "-marionette" "--lang=ko_KR" "-foreground" "-no-remote" "-profile" "C:\\Users\\tenspace\\AppData\\Local\\Temp\\rust_mozprofile.ClxkDCTOgbQN"
1547703965104	mozrunner::runner	INFO	Running command: "C:\\Program Files (x86)\\Mozilla Firefox\\firefox.exe" "-marionette" "-foreground" "-no-remote" "-profile" "C:\\Users\\tenspace\\AppData\\Local\\Temp\\rust_mozprofile.heBhCaY2QbVp"
1547703967629	Marionette	INFO	Listening on port 51975
1547703967820	Marionette	WARN	TLS certificate errors will be ignored for this session
JavaScript error: chrome://browser/content/urlbarBindings.xml, line 2709: NS_ERROR_FAILURE: Component returned failure code: 0x80004005 (NS_ERROR_FAILURE) [nsIAutoCompleteController.getStyleAt]
console.error: "TypeError: this.onSelected is not a function: onDetachedFront@resource://devtools/shared/base-loader.js -> resource://devtools/client/inspector/computed/computed.js:1461:5\nemit@resource://devtools/shared/base-loader.js -> resource://devtools/shared/event-emitter.js:178:15\nemit@resource://devtools/shared/base-loader.js -> resource://devtools/shared/event-emitter.js:255:5\n_onMutations@resource://devtools/shared/base-loader.js -> resource://devtools/client/framework/selection.js:105:7\nemit@resource://devtools/shared/base-loader.js -> resource://devtools/shared/event-emitter.js:178:15\nemit@resource://devtools/shared/base-loader.js -> resource://devtools/shared/event-emitter.js:255:5\nWalkerFront<.getMutations</<@resource://devtools/shared/base-loader.js -> resource://devtools/shared/fronts/inspector.js:414:7\n"
TypeError: this.onSelected is not a function: onDetachedFront@resource://devtools/shared/base-loader.js -> resource://devtools/client/inspector/computed/computed.js:1461:5
emit@resource://devtools/shared/base-loader.js -> resource://devtools/shared/event-emitter.js:178:15
emit@resource://devtools/shared/base-loader.js -> resource://devtools/shared/event-emitter.js:255:5
_onMutations@resource://devtools/shared/base-loader.js -> resource://devtools/client/framework/selection.js:105:7
emit@resource://devtools/shared/base-loader.js -> resource://devtools/shared/event-emitter.js:178:15
emit@resource://devtools/shared/base-loader.js -> resource://devtools/shared/event-emitter.js:255:5
WalkerFront<.getMutations</<@resource://devtools/shared/base-loader.js -> resource://devtools/shared/fronts/inspector.js:414:7

console.error: BroadcastService: 
  receivedBroadcastMessage: handler for
  remote-settings/monitor_changes
  threw error:
  Message: Error: Polling for changes failed: NetworkError when attempting to fetch resource..
  Stack:
    remoteSettingsFunction/remoteSettings.pollChanges@resource://services-settings/remote-settings.js:721:13

1547704736474	mozrunner::runner	INFO	Running command: "C:\\Program Files (x86)\\Mozilla Firefox\\firefox.exe" "-marionette" "-foreground" "-no-remote" "-profile" "C:\\Users\\tenspace\\AppData\\Local\\Temp\\rust_mozprofile.mXc5aRnr0Tbe"
1547704738374	Marionette	INFO	Listening on port 52150
1547704738589	Marionette	WARN	TLS certificate errors will be ignored for this session
console.error: BroadcastService: 
  receivedBroadcastMessage: handler for
  remote-settings/monitor_changes
  threw error:
  Message: Error: Polling for changes failed: NetworkError when attempting to fetch resource..
  Stack:
    remoteSettingsFunction/remoteSettings.pollChanges@resource://services-settings/remote-settings.js:721:13

1547706208335	Marionette	ERROR	[8589934602] No reply from Marionette:Register
1547706208335	Marionette	ERROR	[10737418247] No reply from Marionette:Register
JavaScJarviapStc reirprto re:rror: chrome://marionette/content/listener.js, line 456: Type chErrorme:/o/marionette/content/listener.js, line 456: TypeError: reply[0] is undefinedr
: reply[0] is undefined
console.error: "Error while calling actor 'pagestyle's method 'getUsedFontFaces'" "node is null"
console.error: "getUsedFontFaces@resource://devtools/shared/base-loader.js -> resource://devtools/server/actors/styles.js:291:11\nhandler@resource://devtools/shared/base-loader.js -> resource://devtools/shared/protocol.js:1178:21\nonPacket@resource://devtools/shared/base-loader.js -> resource://devtools/server/main.js:1721:15\nreceiveMessage@resource://devtools/shared/base-loader.js -> resource://devtools/shared/transport/child-transport.js:66:5\n"
console.error: "Could not get the list of font families" "Protocol error (unknownError): node is null"
console.error: (new TypeError("event is undefined", "resource://devtools/shared/base-loader.js -> resource://devtools/client/shared/telemetry.js", 628))
console.error: (new TypeError("event is undefined", "resource://devtools/shared/base-loader.js -> resource://devtools/client/shared/telemetry.js", 628))
console.error: (new TypeError("event is undefined", "resource://devtools/shared/base-loader.js -> resource://devtools/client/shared/telemetry.js", 628))
console.error: (new TypeError("event is undefined", "resource://devtools/shared/base-loader.js -> resource://devtools/client/shared/telemetry.js", 628))
console.error: (new TypeError("event is undefined", "resource://devtools/shared/base-loader.js -> resource://devtools/client/shared/telemetry.js", 628))
console.error: "Tried to send a 'tabDetached' event on an already destroyed actor 'frameTarget'"
console.error: "Tried to send a 'tabDetached' event on an already destroyed actor 'frameTarget'"
console.error: "Tried to send a 'tabDetached' event on an already destroyed actor 'frameTarget'"
console.error: "Tried to send a 'tabDetached' event on an already destroyed actor 'frameTarget'"
console.error: "Tried to send a 'tabDetached' event on an already destroyed actor 'frameTarget'"
console.error: "Tried to send a 'tabDetached' event on an already destroyed actor 'frameTarget'"
[Child 24960, Chrome_ChildThread] WARNING: pipe error: 109: file z:/build/build/src/ipc/chromium/src/c[Child 23912, Chrome_ChildThread] WAhRrNome/comm[Child 27612, IoCNnhG/r:io pc_channel_win.cc, line 346mp
ei_p[CeCh hieilrldrd 24960, Tohrr:ead] WARNING: pipe erro 109: file z:/build/build/src/ipc/chromium/src/chrr:o m1e0/9c:o file z:/build/build/src/ipc/chromium/src/chrome/common/ipc_channmemlo_nw/iinp.cc_c, line 346
channel_win.cc, line 346
[Child 27612, [Child 239121547709816005	Marionette	INFO	Stopped listening on port 52150
[GPU
###!!! [Child][RunMessage] Error: Channel closing: too late to send/recv, messages will be lost

 28432, Chrome_ChildThread] WARNING: pipe err
###!!! [Child][MessageChannel::SendAndWait] Error: Channel error: cannot send/recv


KLIB_SelfTest return : KLR_OK
